0 info it worked if it ends with ok
1 verbose cli [ 'node',
1 verbose cli   '/Users/brandon/.nvm/v0.10.17/bin/npm',
1 verbose cli   'link',
1 verbose cli   '-g',
1 verbose cli   'mocha' ]
2 info using npm@1.3.11
3 info using node@v0.10.17
4 error Error: link should never be --global.
4 error Please re-run this command with --local
4 error     at EventEmitter.link (/Users/brandon/.nvm/v0.10.17/lib/node_modules/npm/lib/link.js:41:15)
4 error     at Object.commandCache.(anonymous function) (/Users/brandon/.nvm/v0.10.17/lib/node_modules/npm/lib/npm.js:194:11)
4 error     at EventEmitter.<anonymous> (/Users/brandon/.nvm/v0.10.17/lib/node_modules/npm/bin/npm-cli.js:83:28)
4 error     at process._tickCallback (node.js:415:13)
5 error If you need help, you may report this log at:
5 error     <http://github.com/isaacs/npm/issues>
5 error or email it to:
5 error     <npm-@googlegroups.com>
6 error System Darwin 10.8.0
7 error command "node" "/Users/brandon/.nvm/v0.10.17/bin/npm" "link" "-g" "mocha"
8 error cwd /Users/brandon/Projects/Code/js/mocha
9 error node -v v0.10.17
10 error npm -v 1.3.11
11 verbose exit [ 1, true ]
